bcftools/1.19 unloaded
htslib/1.19 unloaded
snakemake/7.32.4-python-3.10.8 unloaded
drmaa-python/0.7.9-python-3.10.8 unloaded
slurm-drmaa/1.1.3 unloaded
slurm/cesga unloaded
python/3.10.8 unloaded
cesga/2020 unloaded
        Preparing the environment for use of the CESGA 2020 software stack.
        Please rebuild modules cache: module --ignore-cache avail
     
cesga/2020 loaded
The following modules were not unloaded:
  (Use "module --force purge" to unload all):

  1) cesga/2020
cesga/2020 unloaded
        Preparing the environment for use of the CESGA 2020 software stack.
        Please rebuild modules cache: module --ignore-cache avail
     
cesga/2020 loaded
python/3.10.8 loaded
slurm/cesga loaded
slurm-drmaa/1.1.3 loaded
drmaa-python/0.7.9-python-3.10.8 loaded
snakemake/7.32.4-python-3.10.8 loaded
gcccore/system loaded
gcc/system loaded

imkl/2021.2.0 loaded
plink/2.00a2.3 loaded
Building DAG of jobs...
Using shell: /mnt/netapp1/Optcesga_FT2_RHEL7/2020/gentoo/22072020/bin/bash
Provided cores: 4
Rules claiming more threads will be scaled down.
Job stats:
job              count
-------------  -------
all                  1
merge_plink          1
qc_post_merge        1
total                3

Select jobs to execute...

[Mon Mar 31 15:52:08 2025]
rule merge_plink:
    input: resultados/freebayes/LC_1_Cancer.vcf.gz, resultados/freebayes/LC_1_Normal.vcf.gz, resultados/freebayes/LC_2_Cancer.vcf.gz, resultados/freebayes/LC_2_Normal.vcf.gz, resultados/freebayes/LC_3_Cancer.vcf.gz, resultados/freebayes/LC_3_Normal.vcf.gz, resultados/freebayes/LC_4_Cancer.vcf.gz, resultados/freebayes/LC_4_Normal.vcf.gz, resultados/freebayes/LC_5_Cancer.vcf.gz, resultados/freebayes/LC_5_Normal.vcf.gz
    output: resultados/plink_final/merged_dataset.bed, resultados/plink_final/merged_dataset.bim, resultados/plink_final/merged_dataset.fam
    jobid: 2
    reason: Missing output files: resultados/plink_final/merged_dataset.bed, resultados/plink_final/merged_dataset.bim, resultados/plink_final/merged_dataset.fam
    resources: tmpdir=/scratch/11488345

gcc/system unloaded
gcccore/system unloaded
cesga/2020 unloaded
python/3.10.8 unloaded
slurm/cesga unloaded
slurm-drmaa/1.1.3 unloaded
drmaa-python/0.7.9-python-3.10.8 unloaded
snakemake/7.32.4-python-3.10.8 unloaded
imkl/2021.2.0 unloaded
plink/2.00a2.3 unloaded
        Preparing the environment for use of the CESGA 2020 software stack.
        Please rebuild modules cache: module --ignore-cache avail
     
cesga/2020 loaded
python/3.10.8 loaded
slurm/cesga loaded
slurm-drmaa/1.1.3 loaded
drmaa-python/0.7.9-python-3.10.8 loaded
snakemake/7.32.4-python-3.10.8 loaded

imkl/2021.2.0 loaded
htslib/1.19 loaded
bcftools/1.19 loaded
gcccore/system loaded
gcc/system loaded
plink/2.00a2.3 loaded
Lines   total/split/joined/realigned/skipped:	132262/0/0/354/0
Lines   total/split/joined/realigned/skipped:	182642/0/0/1069/0
Lines   total/split/joined/realigned/skipped:	119693/0/0/319/0
Lines   total/split/joined/realigned/skipped:	174498/0/0/1052/0
Lines   total/split/joined/realigned/skipped:	118490/0/0/333/0
Lines   total/split/joined/realigned/skipped:	172591/0/0/1005/0
Lines   total/split/joined/realigned/skipped:	117594/0/0/273/0
Lines   total/split/joined/realigned/skipped:	160682/0/0/897/0
Lines   total/split/joined/realigned/skipped:	119702/0/0/371/0
Lines   total/split/joined/realigned/skipped:	154327/0/0/852/0
[Mon Mar 31 15:56:44 2025]
Finished job 2.
1 of 3 steps (33%) done
Select jobs to execute...

[Mon Mar 31 15:56:44 2025]
rule qc_post_merge:
    input: resultados/plink_final/merged_dataset.bed, resultados/plink_final/merged_dataset.bim, resultados/plink_final/merged_dataset.fam
    output: resultados/plink_final/merged_dataset_qc.bed, resultados/plink_final/merged_dataset_qc.bim, resultados/plink_final/merged_dataset_qc.fam
    jobid: 1
    reason: Missing output files: resultados/plink_final/merged_dataset_qc.fam, resultados/plink_final/merged_dataset_qc.bed, resultados/plink_final/merged_dataset_qc.bim; Input files updated by another job: resultados/plink_final/merged_dataset.bed, resultados/plink_final/merged_dataset.bim, resultados/plink_final/merged_dataset.fam
    resources: tmpdir=/scratch/11488345

[Mon Mar 31 15:56:44 2025]
Finished job 1.
2 of 3 steps (67%) done
Select jobs to execute...

[Mon Mar 31 15:56:44 2025]
localrule all:
    input: resultados/plink_final/merged_dataset_qc.bed, resultados/plink_final/merged_dataset_qc.bim, resultados/plink_final/merged_dataset_qc.fam
    jobid: 0
    reason: Input files updated by another job: resultados/plink_final/merged_dataset_qc.bed, resultados/plink_final/merged_dataset_qc.fam, resultados/plink_final/merged_dataset_qc.bim
    resources: tmpdir=/scratch/11488345

[Mon Mar 31 15:56:44 2025]
Finished job 0.
3 of 3 steps (100%) done
Complete log: .snakemake/log/2025-03-31T155204.564935.snakemake.log
